<?xml version="1.0" encoding="UTF-8"?>
<!-- Generated by org.testng.reporters.JUnitReportReporter -->
<testsuite hostname="Alexey-PC" name="com.bss.mailmon.rest.test.SimpleTest" tests="1" failures="0" timestamp="18 Feb 2015 20:16:39 GMT" time="0.007" errors="0">
  <testcase name="aFastTest" time="0.007" classname="com.bss.mailmon.rest.test.SimpleTest"/>
</testsuite> <!-- com.bss.mailmon.rest.test.SimpleTest -->
