<?xml version="1.0" encoding="UTF-8"?>
<!-- Generated by org.testng.reporters.JUnitReportReporter -->
<testsuite hostname="Alexey-PC" name="com.bss.mailmon.rest.test.CRUDtest" tests="1" failures="0" timestamp="11 Mar 2015 21:41:48 GMT" time="13.397" errors="0">
  <testcase name="crud" time="13.397" classname="com.bss.mailmon.rest.test.CRUDtest"/>
</testsuite> <!-- com.bss.mailmon.rest.test.CRUDtest -->
